# JRE version: OpenJDK Runtime Environment (8.0_152-b01) (build 1.8.0_152-release-1248-b01)
# Java VM: OpenJDK Server VM (25.152-b01 mixed mode windows-x86 )
Heap:
 PSYoungGen      total 311296K, used 122572K [0x3b8c0000, 0x50e00000, 0x50e00000)
  eden space 273152K, 36% used [0x3b8c0000,0x41b1ae00,0x4c380000)
  from space 38144K, 57% used [0x4c380000,0x4d8d8518,0x4e8c0000)
  to   space 38144K, 0% used [0x4e8c0000,0x4e8c0000,0x50e00000)
 ParOldGen       total 647424K, used 453131K [0x10e00000, 0x38640000, 0x3b8c0000)
  object space 647424K, 69% used [0x10e00000,0x2c882ce0,0x38640000)
 Metaspace       used 68774K, capacity 72631K, committed 72832K, reserved 73088K
GC Heap History (10 events):
Event: 16306.182 GC heap before
{Heap before GC invocations=2259 (full 87):
 PSYoungGen      total 320768K, used 306544K [0x3b8c0000, 0x50b00000, 0x50e00000)
  eden space 297728K, 100% used [0x3b8c0000,0x4db80000,0x4db80000)
  from space 23040K, 38% used [0x4f480000,0x4fd1c020,0x50b00000)
  to   space 24320K, 0% used [0x4db80000,0x4db80000,0x4f340000)
 ParOldGen       total 647424K, used 383075K [0x10e00000, 0x38640000, 0x3b8c0000)
  object space 647424K, 59% used [0x10e00000,0x28418f98,0x38640000)
 Metaspace       used 68773K, capacity 72599K, committed 72832K, reserved 73088K
Event: 16306.197 GC heap after
Heap after GC invocations=2259 (full 87):
 PSYoungGen      total 322048K, used 13090K [0x3b8c0000, 0x50e00000, 0x50e00000)
  eden space 297728K, 0% used [0x3b8c0000,0x3b8c0000,0x4db80000)
  from space 24320K, 53% used [0x4db80000,0x4e848b30,0x4f340000)
  to   space 23808K, 0% used [0x4f6c0000,0x4f6c0000,0x50e00000)
 ParOldGen       total 647424K, used 391372K [0x10e00000, 0x38640000, 0x3b8c0000)
  object space 647424K, 60% used [0x10e00000,0x28c33308,0x38640000)
 Metaspace       used 68773K, capacity 72599K, committed 72832K, reserved 73088K
}
Event: 16306.555 GC heap before
{Heap before GC invocations=2260 (full 87):
 PSYoungGen      total 322048K, used 310818K [0x3b8c0000, 0x50e00000, 0x50e00000)
  eden space 297728K, 100% used [0x3b8c0000,0x4db80000,0x4db80000)
  from space 24320K, 53% used [0x4db80000,0x4e848b30,0x4f340000)
  to   space 23808K, 0% used [0x4f6c0000,0x4f6c0000,0x50e00000)
 ParOldGen       total 647424K, used 391380K [0x10e00000, 0x38640000, 0x3b8c0000)
  object space 647424K, 60% used [0x10e00000,0x28c35318,0x38640000)
 Metaspace       used 68773K, capacity 72631K, committed 72832K, reserved 73088K
Event: 16306.618 GC heap after
Heap after GC invocations=2260 (full 87):
 PSYoungGen      total 320512K, used 21334K [0x3b8c0000, 0x50e00000, 0x50e00000)
  eden space 296704K, 0% used [0x3b8c0000,0x3b8c0000,0x4da80000)
  from space 23808K, 89% used [0x4f6c0000,0x50b959a0,0x50e00000)
  to   space 26368K, 0% used [0x4da80000,0x4da80000,0x4f440000)
 ParOldGen       total 647424K, used 397963K [0x10e00000, 0x38640000, 0x3b8c0000)
  object space 647424K, 61% used [0x10e00000,0x292a2f98,0x38640000)
 Metaspace       used 68773K, capacity 72631K, committed 72832K, reserved 73088K
}
Event: 16306.814 GC heap before
{Heap before GC invocations=2261 (full 87):
 PSYoungGen      total 320512K, used 318038K [0x3b8c0000, 0x50e00000, 0x50e00000)
  eden space 296704K, 100% used [0x3b8c0000,0x4da80000,0x4da80000)
  from space 23808K, 89% used [0x4f6c0000,0x50b959a0,0x50e00000)
  to   space 26368K, 0% used [0x4da80000,0x4da80000,0x4f440000)
 ParOldGen       total 647424K, used 397966K [0x10e00000, 0x38640000, 0x3b8c0000)
  object space 647424K, 61% used [0x10e00000,0x292a3930,0x38640000)
 Metaspace       used 68773K, capacity 72631K, committed 72832K, reserved 73088K
Event: 16306.856 GC heap after
Heap after GC invocations=2261 (full 87):
 PSYoungGen      total 323072K, used 26359K [0x3b8c0000, 0x50e00000, 0x50e00000)
  eden space 296704K, 0% used [0x3b8c0000,0x3b8c0000,0x4da80000)
  from space 26368K, 99% used [0x4da80000,0x4f43ddc0,0x4f440000)
  to   space 26368K, 0% used [0x4f440000,0x4f440000,0x50e00000)
 ParOldGen       total 647424K, used 422562K [0x10e00000, 0x38640000, 0x3b8c0000)
  object space 647424K, 65% used [0x10e00000,0x2aaa89d0,0x38640000)
 Metaspace       used 68773K, capacity 72631K, committed 72832K, reserved 73088K
}
Event: 16307.052 GC heap before
{Heap before GC invocations=2262 (full 87):
 PSYoungGen      total 323072K, used 323063K [0x3b8c0000, 0x50e00000, 0x50e00000)
  eden space 296704K, 100% used [0x3b8c0000,0x4da80000,0x4da80000)
  from space 26368K, 99% used [0x4da80000,0x4f43ddc0,0x4f440000)
  to   space 26368K, 0% used [0x4f440000,0x4f440000,0x50e00000)
 ParOldGen       total 647424K, used 422562K [0x10e00000, 0x38640000, 0x3b8c0000)
  object space 647424K, 65% used [0x10e00000,0x2aaa89d0,0x38640000)
 Metaspace       used 68773K, capacity 72631K, committed 72832K, reserved 73088K
Event: 16307.073 GC heap after
Heap after GC invocations=2262 (full 87):
 PSYoungGen      total 299520K, used 9160K [0x3b8c0000, 0x50e00000, 0x50e00000)
  eden space 273152K, 0% used [0x3b8c0000,0x3b8c0000,0x4c380000)
  from space 26368K, 34% used [0x4f440000,0x4fd322e8,0x50e00000)
  to   space 38144K, 0% used [0x4c380000,0x4c380000,0x4e8c0000)
 ParOldGen       total 647424K, used 444735K [0x10e00000, 0x38640000, 0x3b8c0000)
  object space 647424K, 68% used [0x10e00000,0x2c04fe08,0x38640000)
 Metaspace       used 68773K, capacity 72631K, committed 72832K, reserved 73088K
}
Event: 16307.235 GC heap before
{Heap before GC invocations=2263 (full 87):
 PSYoungGen      total 299520K, used 282312K [0x3b8c0000, 0x50e00000, 0x50e00000)
  eden space 273152K, 100% used [0x3b8c0000,0x4c380000,0x4c380000)
  from space 26368K, 34% used [0x4f440000,0x4fd322e8,0x50e00000)
  to   space 38144K, 0% used [0x4c380000,0x4c380000,0x4e8c0000)
 ParOldGen       total 647424K, used 444735K [0x10e00000, 0x38640000, 0x3b8c0000)
  object space 647424K, 68% used [0x10e00000,0x2c04fe08,0x38640000)
 Metaspace       used 68773K, capacity 72631K, committed 72832K, reserved 73088K
Event: 16307.259 GC heap after
Heap after GC invocations=2263 (full 87):
 PSYoungGen      total 311296K, used 21857K [0x3b8c0000, 0x50e00000, 0x50e00000)
  eden space 273152K, 0% used [0x3b8c0000,0x3b8c0000,0x4c380000)
  from space 38144K, 57% used [0x4c380000,0x4d8d8518,0x4e8c0000)
  to   space 38144K, 0% used [0x4e8c0000,0x4e8c0000,0x50e00000)
 ParOldGen       total 647424K, used 453131K [0x10e00000, 0x38640000, 0x3b8c0000)
  object space 647424K, 69% used [0x10e00000,0x2c882ce0,0x38640000)
 Metaspace       used 68773K, capacity 72631K, committed 72832K, reserved 73088K
}

